Using pre-set license
Built from '2020.2/staging' branch; Version is '2020.2.7f1 (c53830e277f1) revision 12924976'; Using compiler version '192528614'; Build Type 'Release'
OS: 'Windows 10 Home Single Language; OS build 19042.1526; Version 2009; 64bit' Language: 'en' Physical Memory: 6082 MB
BatchMode: 1, IsHumanControllingUs: 0, StartBugReporterOnCrash: 0, Is64bit: 1, IsPro: 0

 COMMAND LINE ARGUMENTS:
C:\Program Files\Unity\Hub\Editor\2020.2.7f1\Editor\Unity.exe
-adb2
-batchMode
-noUpm
-name
AssetImportWorker0
-projectPath
C:/Users/manis/Desktop/UnityProjects/Battle Tank Game
-logFile
Logs/AssetImportWorker0.log
-srvPort
58916
Successfully changed project path to: C:/Users/manis/Desktop/UnityProjects/Battle Tank Game
C:/Users/manis/Desktop/UnityProjects/Battle Tank Game
Using Asset Import Pipeline V2.
Refreshing native plugins compatible for Editor in 125.23 ms, found 0 plugins.
Preloading 0 native plugins for Editor in 0.00 ms.
Initialize engine version: 2020.2.7f1 (c53830e277f1)
[Subsystems] Discovering subsystems at path C:/Program Files/Unity/Hub/Editor/2020.2.7f1/Editor/Data/Resources/UnitySubsystems
[Subsystems] Discovering subsystems at path C:/Users/manis/Desktop/UnityProjects/Battle Tank Game/Assets
GfxDevice: creating device client; threaded=0
Direct3D:
    Version:  Direct3D 11.0 [level 11.1]
    Renderer: NVIDIA GeForce GTX 1650 (ID=0x1f91)
    Vendor:   
    VRAM:     3964 MB
    Driver:   30.0.14.7212
Initialize mono
Mono path[0] = 'C:/Program Files/Unity/Hub/Editor/2020.2.7f1/Editor/Data/Managed'
Mono path[1] = 'C:/Program Files/Unity/Hub/Editor/2020.2.7f1/Editor/Data/MonoBleedingEdge/lib/mono/unityjit'
Mono config path = 'C:/Program Files/Unity/Hub/Editor/2020.2.7f1/Editor/Data/MonoBleedingEdge/etc'
Using monoOptions --debugger-agent=transport=dt_socket,embedding=1,server=y,suspend=n,address=127.0.0.1:56664
Begin MonoManager ReloadAssembly
Registering precompiled unity dll's ...
Register platform support module: C:/Program Files/Unity/Hub/Editor/2020.2.7f1/Editor/Data/PlaybackEngines/WindowsStandaloneSupport/UnityEditor.WindowsStandalone.Extensions.dll
Registered in 0.005504 seconds.
Native extension for WindowsStandalone target not found
Refreshing native plugins compatible for Editor in 49.31 ms, found 0 plugins.
Preloading 0 native plugins for Editor in 0.00 ms.
Invoked RoslynAnalysisRunner static constructor.
RoslynAnalysisRunner will not be running.
RoslynAnalysisRunner has terminated.
Mono: successfully reloaded assembly
- Completed reload, in  9.452 seconds
Platform modules already initialized, skipping
Registering precompiled user dll's ...
Registered in 0.007095 seconds.
Begin MonoManager ReloadAssembly
Native extension for WindowsStandalone target not found
Refreshing native plugins compatible for Editor in 0.52 ms, found 0 plugins.
Preloading 0 native plugins for Editor in 0.00 ms.
Invoked RoslynAnalysisRunner static constructor.
RoslynAnalysisRunner will not be running.
RoslynAnalysisRunner has terminated.
Mono: successfully reloaded assembly
- Completed reload, in  1.128 seconds
Platform modules already initialized, skipping
========================================================================
Worker process is ready to serve import requests
Launched and connected shader compiler UnityShaderCompiler.exe after 0.06 seconds
Refreshing native plugins compatible for Editor in 0.49 ms, found 0 plugins.
Preloading 0 native plugins for Editor in 0.00 ms.
Unloading 1532 Unused Serialized files (Serialized files now loaded: 0)
System memory in use before: 72.3 MB.
System memory in use after: 72.4 MB.

Unloading 33 unused Assets to reduce memory usage. Loaded Objects now: 1965.
Total: 2.819200 ms (FindLiveObjects: 0.311000 ms CreateObjectMapping: 0.071100 ms MarkObjects: 2.338600 ms  DeleteObjects: 0.096600 ms)

========================================================================
Received Import Request.
  path: Assets/Prefabs/LightSettings.lighting
  artifactKey: Guid(2da04603e45aeb4429af3ebc12d0957d) Importer(815301076,1909f56bfc062723c751e8b465ee728b)
Start importing Assets/Prefabs/LightSettings.lighting using Guid(2da04603e45aeb4429af3ebc12d0957d) Importer(815301076,1909f56bfc062723c751e8b465ee728b)  -> (artifact id: 'd6f2164f8ac05ee17adbc8fcc3a9bea1') in 0.097867 seconds
  Import took 0.101216 seconds .

========================================================================
Received Import Request.
  Time since last request: 253.276435 seconds.
  path: Assets/Scripts/Bullets/BulletType.cs
  artifactKey: Guid(f6adcab9fa82a8044bd64fb17b14a6d0) Importer(815301076,1909f56bfc062723c751e8b465ee728b)
Start importing Assets/Scripts/Bullets/BulletType.cs using Guid(f6adcab9fa82a8044bd64fb17b14a6d0) Importer(815301076,1909f56bfc062723c751e8b465ee728b)  -> (artifact id: '30d7c56824002c0d24e84bf9864fb3b0') in 0.039170 seconds
  Import took 0.042301 seconds .

========================================================================
Received Prepare
Registering precompiled user dll's ...
Registered in 0.045075 seconds.
Begin MonoManager ReloadAssembly
Native extension for WindowsStandalone target not found
Refreshing native plugins compatible for Editor in 0.96 ms, found 0 plugins.
Preloading 0 native plugins for Editor in 0.00 ms.
Invoked RoslynAnalysisRunner static constructor.
RoslynAnalysisRunner will not be running.
RoslynAnalysisRunner has terminated.
Mono: successfully reloaded assembly
- Completed reload, in  2.004 seconds
Platform modules already initialized, skipping
Switching build target platform(5) subTarget(0) extendedPlatform(0) -> platform(13) subTarget(589824) extendedPlatform(0)
Refreshing native plugins compatible for Editor in 0.90 ms, found 0 plugins.
Preloading 0 native plugins for Editor in 0.00 ms.
Unloading 1509 Unused Serialized files (Serialized files now loaded: 0)
System memory in use before: 70.5 MB.
System memory in use after: 70.6 MB.

Unloading 24 unused Assets to reduce memory usage. Loaded Objects now: 1968.
Total: 3.042100 ms (FindLiveObjects: 0.272100 ms CreateObjectMapping: 0.080100 ms MarkObjects: 2.654900 ms  DeleteObjects: 0.032900 ms)

AssetImportParameters requested are different than current active one (requested -> active):
  custom:graphics/normal-map-encoding: 01000000000000000000000000000000 -> 02000000000000000000000000000000
========================================================================
Received Import Request.
  Time since last request: 13.081119 seconds.
  path: Assets/Scripts/Tanks/Player Tank/PlayerTankController.cs
  artifactKey: Guid(28fe6bd5c60c2144499035b4690a62f1) Importer(815301076,1909f56bfc062723c751e8b465ee728b)
Start importing Assets/Scripts/Tanks/Player Tank/PlayerTankController.cs using Guid(28fe6bd5c60c2144499035b4690a62f1) Importer(815301076,1909f56bfc062723c751e8b465ee728b)  -> (artifact id: '054f49e8055f6a38dc016bd46a2de110') in 0.014561 seconds
  Import took 0.019607 seconds .

========================================================================
Received Import Request.
  Time since last request: 1.061848 seconds.
  path: Assets/Scripts/Tanks/Player Tank/TankModel.cs
  artifactKey: Guid(52b8ade4ae8aabc439a8cee4244335ea) Importer(815301076,1909f56bfc062723c751e8b465ee728b)
Start importing Assets/Scripts/Tanks/Player Tank/TankModel.cs using Guid(52b8ade4ae8aabc439a8cee4244335ea) Importer(815301076,1909f56bfc062723c751e8b465ee728b)  -> (artifact id: '8d8f10ae78ce39981434fdb999759982') in 0.276474 seconds
  Import took 0.332096 seconds .

========================================================================
Received Import Request.
  Time since last request: 0.427520 seconds.
  path: Assets/Scripts/Tanks/Player Tank/TankService.cs
  artifactKey: Guid(24382fa6bdbf77d4f9320809a223bc2f) Importer(815301076,1909f56bfc062723c751e8b465ee728b)
Start importing Assets/Scripts/Tanks/Player Tank/TankService.cs using Guid(24382fa6bdbf77d4f9320809a223bc2f) Importer(815301076,1909f56bfc062723c751e8b465ee728b)  -> (artifact id: 'a7786b8de859d4d3b689cd0abddbd0d6') in 0.022567 seconds
  Import took 0.028666 seconds .

========================================================================
Received Import Request.
  Time since last request: 0.629015 seconds.
  path: Assets/Scripts/Tanks/Player Tank/TankType.cs
  artifactKey: Guid(e22a5291dd609fe4d9b70effb66ef679) Importer(815301076,1909f56bfc062723c751e8b465ee728b)
Start importing Assets/Scripts/Tanks/Player Tank/TankType.cs using Guid(e22a5291dd609fe4d9b70effb66ef679) Importer(815301076,1909f56bfc062723c751e8b465ee728b)  -> (artifact id: '5d21d3cb5b1b44cdbe37544abf835068') in 0.015896 seconds
  Import took 0.029991 seconds .

========================================================================
Received Import Request.
  Time since last request: 0.687031 seconds.
  path: Assets/Scripts/Tanks/Player Tank/TankView.cs
  artifactKey: Guid(7f440e68171a82d418c26454b4788c68) Importer(815301076,1909f56bfc062723c751e8b465ee728b)
Start importing Assets/Scripts/Tanks/Player Tank/TankView.cs using Guid(7f440e68171a82d418c26454b4788c68) Importer(815301076,1909f56bfc062723c751e8b465ee728b)  -> (artifact id: 'dfb9e041f42a2bb849d6fb39d1e3970d') in 0.022956 seconds
  Import took 0.036037 seconds .

========================================================================
Received Import Request.
  Time since last request: 30.809688 seconds.
  path: Assets/Scriptable Objects/HighDamageTank.asset
  artifactKey: Guid(cad39f81337b078458f4a05f9656c55f) Importer(815301076,1909f56bfc062723c751e8b465ee728b)
Start importing Assets/Scriptable Objects/HighDamageTank.asset using Guid(cad39f81337b078458f4a05f9656c55f) Importer(815301076,1909f56bfc062723c751e8b465ee728b)  -> (artifact id: 'e9b511bed1a36deb5f6022595dd739f4') in 0.028646 seconds
  Import took 0.032265 seconds .

========================================================================
Received Import Request.
  Time since last request: 0.000398 seconds.
  path: Assets/Scriptable Objects/HighHealthTank.asset
  artifactKey: Guid(1c924044feb592a4a8dbed95e434352e) Importer(815301076,1909f56bfc062723c751e8b465ee728b)
Start importing Assets/Scriptable Objects/HighHealthTank.asset using Guid(1c924044feb592a4a8dbed95e434352e) Importer(815301076,1909f56bfc062723c751e8b465ee728b)  -> (artifact id: 'd0c85f9edfd7f24405ce50c4a0c3df07') in 0.014131 seconds
  Import took 0.018055 seconds .

========================================================================
Received Import Request.
  Time since last request: 0.000432 seconds.
  path: Assets/Scriptable Objects/HighSpeedTank.asset
  artifactKey: Guid(b3077710c1bf0d4429f1811aaafb3941) Importer(815301076,1909f56bfc062723c751e8b465ee728b)
Start importing Assets/Scriptable Objects/HighSpeedTank.asset using Guid(b3077710c1bf0d4429f1811aaafb3941) Importer(815301076,1909f56bfc062723c751e8b465ee728b)  -> (artifact id: '3a0f7a50cf81d9665b6e8bd800dd3afa') in 0.010775 seconds
  Import took 0.014830 seconds .

========================================================================
Received Import Request.
  Time since last request: 0.000454 seconds.
  path: Assets/Scriptable Objects/TankScriptableObjectList.asset
  artifactKey: Guid(e3164dcf76d92934d8169ea38755009e) Importer(815301076,1909f56bfc062723c751e8b465ee728b)
Start importing Assets/Scriptable Objects/TankScriptableObjectList.asset using Guid(e3164dcf76d92934d8169ea38755009e) Importer(815301076,1909f56bfc062723c751e8b465ee728b)  -> (artifact id: '9442a353194e4460bd49bfde0a9a558b') in 0.006375 seconds
  Import took 0.009914 seconds .

========================================================================
Received Import Request.
  Time since last request: 21.719339 seconds.
  path: Assets/Scriptable Objects/Tanks Scriptable Objects
  artifactKey: Guid(2ed4f2b613a0a0341aa8026f7b32caaf) Importer(815301076,1909f56bfc062723c751e8b465ee728b)
Start importing Assets/Scriptable Objects/Tanks Scriptable Objects using Guid(2ed4f2b613a0a0341aa8026f7b32caaf) Importer(815301076,1909f56bfc062723c751e8b465ee728b)  -> (artifact id: '21a8046b4d65ccec53bb51c369bff6d9') in 0.005347 seconds
  Import took 0.009032 seconds .

========================================================================
Received Import Request.
  Time since last request: 231.812869 seconds.
  path: Assets/Scriptable Objects/Tanks Scriptable Objects/Tank Scriptble Object List.asset
  artifactKey: Guid(4675a994d6dc5d64d8bb7585c8ea6221) Importer(815301076,1909f56bfc062723c751e8b465ee728b)
Start importing Assets/Scriptable Objects/Tanks Scriptable Objects/Tank Scriptble Object List.asset using Guid(4675a994d6dc5d64d8bb7585c8ea6221) Importer(815301076,1909f56bfc062723c751e8b465ee728b)  -> (artifact id: '0d67c0f3db5c5af98ab064492a7d5d22') in 0.007824 seconds
  Import took 0.011385 seconds .

========================================================================
Received Import Request.
  Time since last request: 0.010318 seconds.
  path: Assets/Scriptable Objects/Tanks Scriptable Objects/Tank Scriptble Object List.asset
  artifactKey: Guid(4675a994d6dc5d64d8bb7585c8ea6221) Importer(815301076,1909f56bfc062723c751e8b465ee728b)
Start importing Assets/Scriptable Objects/Tanks Scriptable Objects/Tank Scriptble Object List.asset using Guid(4675a994d6dc5d64d8bb7585c8ea6221) Importer(815301076,1909f56bfc062723c751e8b465ee728b)  -> (artifact id: '0d67c0f3db5c5af98ab064492a7d5d22') in 0.005395 seconds
  Import took 0.008725 seconds .

========================================================================
Received Import Request.
  Time since last request: 50.165790 seconds.
  path: Assets/Scripts/Scriptable Objects/TankScObjList.cs
  artifactKey: Guid(7bf402b4235ab594b9e8232740a33788) Importer(815301076,1909f56bfc062723c751e8b465ee728b)
Start importing Assets/Scripts/Scriptable Objects/TankScObjList.cs using Guid(7bf402b4235ab594b9e8232740a33788) Importer(815301076,1909f56bfc062723c751e8b465ee728b)  -> (artifact id: 'a65ba22139caeb1d832d1e625058b2eb') in 0.008722 seconds
  Import took 0.012271 seconds .

========================================================================
Received Prepare
Registering precompiled user dll's ...
Registered in 0.005417 seconds.
Begin MonoManager ReloadAssembly
Native extension for WindowsStandalone target not found
Refreshing native plugins compatible for Editor in 0.66 ms, found 0 plugins.
Preloading 0 native plugins for Editor in 0.00 ms.
Invoked RoslynAnalysisRunner static constructor.
RoslynAnalysisRunner will not be running.
RoslynAnalysisRunner has terminated.
Mono: successfully reloaded assembly
- Completed reload, in  3.169 seconds
Platform modules already initialized, skipping
Switching build target platform(5) subTarget(0) extendedPlatform(0) -> platform(13) subTarget(589824) extendedPlatform(0)
Refreshing native plugins compatible for Editor in 0.60 ms, found 0 plugins.
Preloading 0 native plugins for Editor in 0.00 ms.
Unloading 1510 Unused Serialized files (Serialized files now loaded: 0)
System memory in use before: 70.6 MB.
System memory in use after: 70.7 MB.

Unloading 24 unused Assets to reduce memory usage. Loaded Objects now: 1972.
Total: 2.775500 ms (FindLiveObjects: 0.297300 ms CreateObjectMapping: 0.070600 ms MarkObjects: 2.372000 ms  DeleteObjects: 0.033000 ms)

AssetImportParameters requested are different than current active one (requested -> active):
  custom:graphics/normal-map-encoding: 01000000000000000000000000000000 -> 02000000000000000000000000000000
========================================================================
Received Prepare
Registering precompiled user dll's ...
Registered in 0.006340 seconds.
Begin MonoManager ReloadAssembly
Native extension for WindowsStandalone target not found
Refreshing native plugins compatible for Editor in 0.62 ms, found 0 plugins.
Preloading 0 native plugins for Editor in 0.00 ms.
Invoked RoslynAnalysisRunner static constructor.
RoslynAnalysisRunner will not be running.
RoslynAnalysisRunner has terminated.
Mono: successfully reloaded assembly
- Completed reload, in  1.483 seconds
Platform modules already initialized, skipping
Switching build target platform(5) subTarget(0) extendedPlatform(0) -> platform(13) subTarget(589824) extendedPlatform(0)
Refreshing native plugins compatible for Editor in 0.93 ms, found 0 plugins.
Preloading 0 native plugins for Editor in 0.00 ms.
Unloading 1510 Unused Serialized files (Serialized files now loaded: 0)
System memory in use before: 70.6 MB.
System memory in use after: 70.7 MB.

Unloading 24 unused Assets to reduce memory usage. Loaded Objects now: 1975.
Total: 3.839100 ms (FindLiveObjects: 0.334700 ms CreateObjectMapping: 0.084700 ms MarkObjects: 3.359400 ms  DeleteObjects: 0.057300 ms)

AssetImportParameters requested are different than current active one (requested -> active):
  custom:graphics/normal-map-encoding: 01000000000000000000000000000000 -> 02000000000000000000000000000000
========================================================================
Received Import Request.
  Time since last request: 49.269674 seconds.
  path: Assets/Scripts/Tanks/Player Tank/TankService.cs
  artifactKey: Guid(24382fa6bdbf77d4f9320809a223bc2f) Importer(815301076,1909f56bfc062723c751e8b465ee728b)
Start importing Assets/Scripts/Tanks/Player Tank/TankService.cs using Guid(24382fa6bdbf77d4f9320809a223bc2f) Importer(815301076,1909f56bfc062723c751e8b465ee728b)  -> (artifact id: '10c0ba6da76850ad53c550b17e11b7de') in 0.011433 seconds
  Import took 0.015508 seconds .

========================================================================
Received Prepare
Registering precompiled user dll's ...
Registered in 0.003469 seconds.
Begin MonoManager ReloadAssembly
Native extension for WindowsStandalone target not found
Refreshing native plugins compatible for Editor in 0.54 ms, found 0 plugins.
Preloading 0 native plugins for Editor in 0.00 ms.
Invoked RoslynAnalysisRunner static constructor.
RoslynAnalysisRunner will not be running.
RoslynAnalysisRunner has terminated.
Mono: successfully reloaded assembly
- Completed reload, in  1.085 seconds
Platform modules already initialized, skipping
Switching build target platform(5) subTarget(0) extendedPlatform(0) -> platform(13) subTarget(589824) extendedPlatform(0)
Refreshing native plugins compatible for Editor in 0.53 ms, found 0 plugins.
Preloading 0 native plugins for Editor in 0.00 ms.
Unloading 1510 Unused Serialized files (Serialized files now loaded: 0)
System memory in use before: 70.6 MB.
System memory in use after: 70.8 MB.

Unloading 24 unused Assets to reduce memory usage. Loaded Objects now: 1978.
Total: 2.630800 ms (FindLiveObjects: 0.396500 ms CreateObjectMapping: 0.055900 ms MarkObjects: 2.142200 ms  DeleteObjects: 0.034100 ms)

AssetImportParameters requested are different than current active one (requested -> active):
  custom:graphics/normal-map-encoding: 01000000000000000000000000000000 -> 02000000000000000000000000000000
========================================================================
Received Import Request.
  Time since last request: 82.833463 seconds.
  path: Assets/Scriptable Objects/Tanks Scriptable Objects/TankScriptableObjetList.asset
  artifactKey: Guid(9d00ede2639a3a04e809800095d8b27b) Importer(815301076,1909f56bfc062723c751e8b465ee728b)
Start importing Assets/Scriptable Objects/Tanks Scriptable Objects/TankScriptableObjetList.asset using Guid(9d00ede2639a3a04e809800095d8b27b) Importer(815301076,1909f56bfc062723c751e8b465ee728b)  -> (artifact id: '6bea85a4af30475140e1c3fdf36249cc') in 0.012750 seconds
  Import took 0.016791 seconds .

========================================================================
Received Import Request.
  Time since last request: 0.004078 seconds.
  path: Assets/Scriptable Objects/Tanks Scriptable Objects/TankScriptableObjetList.asset
  artifactKey: Guid(9d00ede2639a3a04e809800095d8b27b) Importer(815301076,1909f56bfc062723c751e8b465ee728b)
Start importing Assets/Scriptable Objects/Tanks Scriptable Objects/TankScriptableObjetList.asset using Guid(9d00ede2639a3a04e809800095d8b27b) Importer(815301076,1909f56bfc062723c751e8b465ee728b)  -> (artifact id: '6bea85a4af30475140e1c3fdf36249cc') in 0.005198 seconds
  Import took 0.009674 seconds .

========================================================================
Received Prepare
Registering precompiled user dll's ...
Registered in 0.003748 seconds.
Begin MonoManager ReloadAssembly
Native extension for WindowsStandalone target not found
Refreshing native plugins compatible for Editor in 0.66 ms, found 0 plugins.
Preloading 0 native plugins for Editor in 0.00 ms.
Invoked RoslynAnalysisRunner static constructor.
RoslynAnalysisRunner will not be running.
RoslynAnalysisRunner has terminated.
Mono: successfully reloaded assembly
- Completed reload, in  1.106 seconds
Platform modules already initialized, skipping
Switching build target platform(5) subTarget(0) extendedPlatform(0) -> platform(13) subTarget(589824) extendedPlatform(0)
Refreshing native plugins compatible for Editor in 0.53 ms, found 0 plugins.
Preloading 0 native plugins for Editor in 0.00 ms.
Unloading 1510 Unused Serialized files (Serialized files now loaded: 0)
System memory in use before: 70.7 MB.
System memory in use after: 70.8 MB.

Unloading 24 unused Assets to reduce memory usage. Loaded Objects now: 1981.
Total: 2.799600 ms (FindLiveObjects: 0.255300 ms CreateObjectMapping: 0.069400 ms MarkObjects: 2.444000 ms  DeleteObjects: 0.029200 ms)

AssetImportParameters requested are different than current active one (requested -> active):
  custom:graphics/normal-map-encoding: 01000000000000000000000000000000 -> 02000000000000000000000000000000
========================================================================
Received Import Request.
  Time since last request: 29.059845 seconds.
  path: Assets/Scripts/Scriptable Objects/TankScObjList.cs
  artifactKey: Guid(7bf402b4235ab594b9e8232740a33788) Importer(815301076,1909f56bfc062723c751e8b465ee728b)
Start importing Assets/Scripts/Scriptable Objects/TankScObjList.cs using Guid(7bf402b4235ab594b9e8232740a33788) Importer(815301076,1909f56bfc062723c751e8b465ee728b)  -> (artifact id: '6e7d4def49faf4f8eac59b2cab3660e7') in 0.008951 seconds
  Import took 0.014259 seconds .

========================================================================
Received Import Request.
  Time since last request: 1.055484 seconds.
  path: Assets/Scripts/Scriptable Objects/TankScriptableObject.cs
  artifactKey: Guid(b944826b5b94dc0428cf3ca25801ae79) Importer(815301076,1909f56bfc062723c751e8b465ee728b)
Start importing Assets/Scripts/Scriptable Objects/TankScriptableObject.cs using Guid(b944826b5b94dc0428cf3ca25801ae79) Importer(815301076,1909f56bfc062723c751e8b465ee728b)  -> (artifact id: '7c31c34692cea3b5615bc573812e0c1a') in 0.004858 seconds
  Import took 0.009005 seconds .

========================================================================
Received Prepare
Registering precompiled user dll's ...
Registered in 0.003654 seconds.
Begin MonoManager ReloadAssembly
Native extension for WindowsStandalone target not found
Refreshing native plugins compatible for Editor in 0.53 ms, found 0 plugins.
Preloading 0 native plugins for Editor in 0.00 ms.
Invoked RoslynAnalysisRunner static constructor.
RoslynAnalysisRunner will not be running.
RoslynAnalysisRunner has terminated.
Mono: successfully reloaded assembly
- Completed reload, in  1.120 seconds
Platform modules already initialized, skipping
Switching build target platform(5) subTarget(0) extendedPlatform(0) -> platform(13) subTarget(589824) extendedPlatform(0)
Refreshing native plugins compatible for Editor in 0.71 ms, found 0 plugins.
Preloading 0 native plugins for Editor in 0.00 ms.
Unloading 1510 Unused Serialized files (Serialized files now loaded: 0)
System memory in use before: 70.7 MB.
System memory in use after: 70.8 MB.

Unloading 24 unused Assets to reduce memory usage. Loaded Objects now: 1984.
Total: 2.800000 ms (FindLiveObjects: 0.291600 ms CreateObjectMapping: 0.078700 ms MarkObjects: 2.396500 ms  DeleteObjects: 0.030300 ms)

AssetImportParameters requested are different than current active one (requested -> active):
  custom:graphics/normal-map-encoding: 01000000000000000000000000000000 -> 02000000000000000000000000000000
========================================================================
Received Import Request.
  Time since last request: 201.372003 seconds.
  path: Assets/Scripts/Scriptable Objects/TankScObjList.cs
  artifactKey: Guid(7bf402b4235ab594b9e8232740a33788) Importer(815301076,1909f56bfc062723c751e8b465ee728b)
Start importing Assets/Scripts/Scriptable Objects/TankScObjList.cs using Guid(7bf402b4235ab594b9e8232740a33788) Importer(815301076,1909f56bfc062723c751e8b465ee728b)  -> (artifact id: '3fecdf7362f5ee1c2e55a8b8ab0d583d') in 0.008371 seconds
  Import took 0.013824 seconds .

========================================================================
Received Prepare
Registering precompiled user dll's ...
Registered in 0.003711 seconds.
Begin MonoManager ReloadAssembly
Native extension for WindowsStandalone target not found
Refreshing native plugins compatible for Editor in 0.54 ms, found 0 plugins.
Preloading 0 native plugins for Editor in 0.00 ms.
Invoked RoslynAnalysisRunner static constructor.
RoslynAnalysisRunner will not be running.
RoslynAnalysisRunner has terminated.
Mono: successfully reloaded assembly
- Completed reload, in  1.140 seconds
Platform modules already initialized, skipping
Switching build target platform(5) subTarget(0) extendedPlatform(0) -> platform(13) subTarget(589824) extendedPlatform(0)
Refreshing native plugins compatible for Editor in 0.53 ms, found 0 plugins.
Preloading 0 native plugins for Editor in 0.00 ms.
Unloading 1509 Unused Serialized files (Serialized files now loaded: 0)
System memory in use before: 70.6 MB.
System memory in use after: 70.8 MB.

Unloading 25 unused Assets to reduce memory usage. Loaded Objects now: 1986.
Total: 2.418100 ms (FindLiveObjects: 0.240500 ms CreateObjectMapping: 0.048600 ms MarkObjects: 2.095900 ms  DeleteObjects: 0.031000 ms)

AssetImportParameters requested are different than current active one (requested -> active):
  custom:graphics/normal-map-encoding: 01000000000000000000000000000000 -> 02000000000000000000000000000000
========================================================================
Received Import Request.
  Time since last request: 7.162618 seconds.
  path: Assets/Scripts/Scriptable Objects/TankScriptableObject.cs
  artifactKey: Guid(b944826b5b94dc0428cf3ca25801ae79) Importer(815301076,1909f56bfc062723c751e8b465ee728b)
Start importing Assets/Scripts/Scriptable Objects/TankScriptableObject.cs using Guid(b944826b5b94dc0428cf3ca25801ae79) Importer(815301076,1909f56bfc062723c751e8b465ee728b)  -> (artifact id: '38960114dfd02338891c5ace17a65886') in 0.007953 seconds
  Import took 0.011299 seconds .

========================================================================
Received Prepare
Registering precompiled user dll's ...
Registered in 0.011602 seconds.
Begin MonoManager ReloadAssembly
Native extension for WindowsStandalone target not found
Refreshing native plugins compatible for Editor in 1.11 ms, found 0 plugins.
Preloading 0 native plugins for Editor in 0.00 ms.
Invoked RoslynAnalysisRunner static constructor.
RoslynAnalysisRunner will not be running.
RoslynAnalysisRunner has terminated.
Mono: successfully reloaded assembly
- Completed reload, in  1.601 seconds
Platform modules already initialized, skipping
Switching build target platform(5) subTarget(0) extendedPlatform(0) -> platform(13) subTarget(589824) extendedPlatform(0)
Refreshing native plugins compatible for Editor in 0.78 ms, found 0 plugins.
Preloading 0 native plugins for Editor in 0.00 ms.
Unloading 1509 Unused Serialized files (Serialized files now loaded: 0)
System memory in use before: 70.7 MB.
System memory in use after: 70.8 MB.

Unloading 24 unused Assets to reduce memory usage. Loaded Objects now: 1989.
Total: 2.475800 ms (FindLiveObjects: 0.308900 ms CreateObjectMapping: 0.059500 ms MarkObjects: 2.077800 ms  DeleteObjects: 0.027800 ms)

AssetImportParameters requested are different than current active one (requested -> active):
  custom:graphics/normal-map-encoding: 01000000000000000000000000000000 -> 02000000000000000000000000000000
========================================================================
Received Prepare
Registering precompiled user dll's ...
Registered in 0.004766 seconds.
Begin MonoManager ReloadAssembly
Native extension for WindowsStandalone target not found
Refreshing native plugins compatible for Editor in 0.79 ms, found 0 plugins.
Preloading 0 native plugins for Editor in 0.00 ms.
Invoked RoslynAnalysisRunner static constructor.
RoslynAnalysisRunner will not be running.
RoslynAnalysisRunner has terminated.
Mono: successfully reloaded assembly
- Completed reload, in  1.304 seconds
Platform modules already initialized, skipping
Switching build target platform(5) subTarget(0) extendedPlatform(0) -> platform(13) subTarget(589824) extendedPlatform(0)
Refreshing native plugins compatible for Editor in 0.56 ms, found 0 plugins.
Preloading 0 native plugins for Editor in 0.00 ms.
Unloading 1509 Unused Serialized files (Serialized files now loaded: 0)
System memory in use before: 70.7 MB.
System memory in use after: 70.8 MB.

Unloading 24 unused Assets to reduce memory usage. Loaded Objects now: 1992.
Total: 4.310200 ms (FindLiveObjects: 0.342200 ms CreateObjectMapping: 0.238400 ms MarkObjects: 3.694900 ms  DeleteObjects: 0.032500 ms)

AssetImportParameters requested are different than current active one (requested -> active):
  custom:graphics/normal-map-encoding: 01000000000000000000000000000000 -> 02000000000000000000000000000000
========================================================================
Received Prepare
Registering precompiled user dll's ...
Registered in 0.010640 seconds.
Begin MonoManager ReloadAssembly
Native extension for WindowsStandalone target not found
Refreshing native plugins compatible for Editor in 0.81 ms, found 0 plugins.
Preloading 0 native plugins for Editor in 0.00 ms.
Invoked RoslynAnalysisRunner static constructor.
RoslynAnalysisRunner will not be running.
RoslynAnalysisRunner has terminated.
Mono: successfully reloaded assembly
- Completed reload, in  2.549 seconds
Platform modules already initialized, skipping
Switching build target platform(5) subTarget(0) extendedPlatform(0) -> platform(13) subTarget(589824) extendedPlatform(0)
Refreshing native plugins compatible for Editor in 0.55 ms, found 0 plugins.
Preloading 0 native plugins for Editor in 0.00 ms.
Unloading 1509 Unused Serialized files (Serialized files now loaded: 0)
System memory in use before: 70.7 MB.
System memory in use after: 70.8 MB.

Unloading 24 unused Assets to reduce memory usage. Loaded Objects now: 1995.
Total: 2.474900 ms (FindLiveObjects: 0.265000 ms CreateObjectMapping: 0.050300 ms MarkObjects: 2.128400 ms  DeleteObjects: 0.029600 ms)

AssetImportParameters requested are different than current active one (requested -> active):
  custom:graphics/normal-map-encoding: 01000000000000000000000000000000 -> 02000000000000000000000000000000
========================================================================
Received Import Request.
  Time since last request: 1411.357671 seconds.
  path: Assets/Scriptable Objects/Tanks Scriptable Objects/TankScriptableObjetList.asset
  artifactKey: Guid(9d00ede2639a3a04e809800095d8b27b) Importer(815301076,1909f56bfc062723c751e8b465ee728b)
Start importing Assets/Scriptable Objects/Tanks Scriptable Objects/TankScriptableObjetList.asset using Guid(9d00ede2639a3a04e809800095d8b27b) Importer(815301076,1909f56bfc062723c751e8b465ee728b)  -> (artifact id: 'ad965cd717f02dcd8ce37ec2c9b27666') in 0.016985 seconds
  Import took 0.022659 seconds .

========================================================================
Received Import Request.
  Time since last request: 0.016359 seconds.
  path: Assets/Scriptable Objects/Tanks Scriptable Objects/TankScriptableObjetList.asset
  artifactKey: Guid(9d00ede2639a3a04e809800095d8b27b) Importer(815301076,1909f56bfc062723c751e8b465ee728b)
Start importing Assets/Scriptable Objects/Tanks Scriptable Objects/TankScriptableObjetList.asset using Guid(9d00ede2639a3a04e809800095d8b27b) Importer(815301076,1909f56bfc062723c751e8b465ee728b)  -> (artifact id: 'ad965cd717f02dcd8ce37ec2c9b27666') in 0.007698 seconds
  Import took 0.012829 seconds .

========================================================================
Received Import Request.
  Time since last request: 666.749430 seconds.
  path: Assets/Scriptable Objects/Tanks Scriptable Objects/TankScriptableObject.asset
  artifactKey: Guid(9d00ede2639a3a04e809800095d8b27b) Importer(815301076,1909f56bfc062723c751e8b465ee728b)
Start importing Assets/Scriptable Objects/Tanks Scriptable Objects/TankScriptableObject.asset using Guid(9d00ede2639a3a04e809800095d8b27b) Importer(815301076,1909f56bfc062723c751e8b465ee728b)  -> (artifact id: '645a8e5d011a9c76d2a92d70eaedea40') in 0.007967 seconds
  Import took 0.012075 seconds .

========================================================================
Received Import Request.
  Time since last request: 0.016808 seconds.
  path: Assets/Scriptable Objects/Tanks Scriptable Objects/TankScriptableObject.asset
  artifactKey: Guid(9d00ede2639a3a04e809800095d8b27b) Importer(815301076,1909f56bfc062723c751e8b465ee728b)
Start importing Assets/Scriptable Objects/Tanks Scriptable Objects/TankScriptableObject.asset using Guid(9d00ede2639a3a04e809800095d8b27b) Importer(815301076,1909f56bfc062723c751e8b465ee728b)  -> (artifact id: '645a8e5d011a9c76d2a92d70eaedea40') in 0.006628 seconds
  Import took 0.010077 seconds .

========================================================================
Received Prepare
Registering precompiled user dll's ...
Registered in 0.005410 seconds.
Begin MonoManager ReloadAssembly
Native extension for WindowsStandalone target not found
Refreshing native plugins compatible for Editor in 0.60 ms, found 0 plugins.
Preloading 0 native plugins for Editor in 0.00 ms.
Invoked RoslynAnalysisRunner static constructor.
RoslynAnalysisRunner will not be running.
RoslynAnalysisRunner has terminated.
Mono: successfully reloaded assembly
- Completed reload, in  1.424 seconds
Platform modules already initialized, skipping
Switching build target platform(5) subTarget(0) extendedPlatform(0) -> platform(13) subTarget(589824) extendedPlatform(0)
Refreshing native plugins compatible for Editor in 0.53 ms, found 0 plugins.
Preloading 0 native plugins for Editor in 0.00 ms.
Unloading 1509 Unused Serialized files (Serialized files now loaded: 0)
System memory in use before: 70.7 MB.
System memory in use after: 70.8 MB.

Unloading 24 unused Assets to reduce memory usage. Loaded Objects now: 1998.
Total: 2.276900 ms (FindLiveObjects: 0.273700 ms CreateObjectMapping: 0.053900 ms MarkObjects: 1.921900 ms  DeleteObjects: 0.026100 ms)

AssetImportParameters requested are different than current active one (requested -> active):
  custom:graphics/normal-map-encoding: 01000000000000000000000000000000 -> 02000000000000000000000000000000
========================================================================
Received Prepare
Registering precompiled user dll's ...
Registered in 0.009318 seconds.
Begin MonoManager ReloadAssembly
Native extension for WindowsStandalone target not found
Refreshing native plugins compatible for Editor in 0.53 ms, found 0 plugins.
Preloading 0 native plugins for Editor in 0.00 ms.
Invoked RoslynAnalysisRunner static constructor.
RoslynAnalysisRunner will not be running.
RoslynAnalysisRunner has terminated.
Mono: successfully reloaded assembly
- Completed reload, in  1.464 seconds
Platform modules already initialized, skipping
Switching build target platform(5) subTarget(0) extendedPlatform(0) -> platform(13) subTarget(589824) extendedPlatform(0)
Refreshing native plugins compatible for Editor in 0.54 ms, found 0 plugins.
Preloading 0 native plugins for Editor in 0.00 ms.
Unloading 1509 Unused Serialized files (Serialized files now loaded: 0)
System memory in use before: 70.7 MB.
System memory in use after: 70.8 MB.

Unloading 24 unused Assets to reduce memory usage. Loaded Objects now: 2001.
Total: 3.641500 ms (FindLiveObjects: 0.431000 ms CreateObjectMapping: 0.099800 ms MarkObjects: 3.069300 ms  DeleteObjects: 0.036700 ms)

AssetImportParameters requested are different than current active one (requested -> active):
  custom:graphics/normal-map-encoding: 01000000000000000000000000000000 -> 02000000000000000000000000000000
========================================================================
Received Import Request.
  Time since last request: 254.259341 seconds.
  path: Assets/Scriptable Objects/Tanks Scriptable Objects/TankLists.asset
  artifactKey: Guid(00b0d39db072b034aa44e7af60fbf932) Importer(815301076,1909f56bfc062723c751e8b465ee728b)
Start importing Assets/Scriptable Objects/Tanks Scriptable Objects/TankLists.asset using Guid(00b0d39db072b034aa44e7af60fbf932) Importer(815301076,1909f56bfc062723c751e8b465ee728b)  -> (artifact id: '756bb73bf2adb71542b9746bec288952') in 0.013182 seconds
  Import took 0.017929 seconds .

========================================================================
Received Import Request.
  Time since last request: 0.011547 seconds.
  path: Assets/Scriptable Objects/Tanks Scriptable Objects/TankLists.asset
  artifactKey: Guid(00b0d39db072b034aa44e7af60fbf932) Importer(815301076,1909f56bfc062723c751e8b465ee728b)
Start importing Assets/Scriptable Objects/Tanks Scriptable Objects/TankLists.asset using Guid(00b0d39db072b034aa44e7af60fbf932) Importer(815301076,1909f56bfc062723c751e8b465ee728b)  -> (artifact id: '756bb73bf2adb71542b9746bec288952') in 0.006504 seconds
  Import took 0.010633 seconds .

========================================================================
Received Import Request.
  Time since last request: 101.884250 seconds.
  path: Assets/Scripts/Scriptable Objects/TankScriptableObject.cs
  artifactKey: Guid(b944826b5b94dc0428cf3ca25801ae79) Importer(815301076,1909f56bfc062723c751e8b465ee728b)
Start importing Assets/Scripts/Scriptable Objects/TankScriptableObject.cs using Guid(b944826b5b94dc0428cf3ca25801ae79) Importer(815301076,1909f56bfc062723c751e8b465ee728b)  -> (artifact id: 'fb29644e846224d8328d37a9d8824749') in 0.005559 seconds
  Import took 0.009327 seconds .

========================================================================
Received Import Request.
  Time since last request: 0.035599 seconds.
  path: Assets/Scripts/Scriptable Objects/TankScriptableObject.cs
  artifactKey: Guid(b944826b5b94dc0428cf3ca25801ae79) Importer(815301076,1909f56bfc062723c751e8b465ee728b)
Start importing Assets/Scripts/Scriptable Objects/TankScriptableObject.cs using Guid(b944826b5b94dc0428cf3ca25801ae79) Importer(815301076,1909f56bfc062723c751e8b465ee728b)  -> (artifact id: 'fb29644e846224d8328d37a9d8824749') in 0.006417 seconds
  Import took 0.010768 seconds .

========================================================================
Received Import Request.
  Time since last request: 15.128218 seconds.
  path: Assets/Scripts/Tanks/Player Tank/TankService.cs
  artifactKey: Guid(24382fa6bdbf77d4f9320809a223bc2f) Importer(815301076,1909f56bfc062723c751e8b465ee728b)
Start importing Assets/Scripts/Tanks/Player Tank/TankService.cs using Guid(24382fa6bdbf77d4f9320809a223bc2f) Importer(815301076,1909f56bfc062723c751e8b465ee728b)  -> (artifact id: 'ae06cf328d83573475acca303c22eac0') in 0.005979 seconds
  Import took 0.010071 seconds .

========================================================================
Received Import Request.
  Time since last request: 49.608728 seconds.
  path: Assets/Scriptable Objects/Tanks Scriptable Objects/TankScriptableObjectList.asset
  artifactKey: Guid(00b0d39db072b034aa44e7af60fbf932) Importer(815301076,1909f56bfc062723c751e8b465ee728b)
Start importing Assets/Scriptable Objects/Tanks Scriptable Objects/TankScriptableObjectList.asset using Guid(00b0d39db072b034aa44e7af60fbf932) Importer(815301076,1909f56bfc062723c751e8b465ee728b)  -> (artifact id: '970fea9ae7b62ad919e83187110044e8') in 0.005374 seconds
  Import took 0.008906 seconds .

========================================================================
Received Import Request.
  Time since last request: 0.016179 seconds.
  path: Assets/Scriptable Objects/Tanks Scriptable Objects/TankScriptableObjectList.asset
  artifactKey: Guid(00b0d39db072b034aa44e7af60fbf932) Importer(815301076,1909f56bfc062723c751e8b465ee728b)
Start importing Assets/Scriptable Objects/Tanks Scriptable Objects/TankScriptableObjectList.asset using Guid(00b0d39db072b034aa44e7af60fbf932) Importer(815301076,1909f56bfc062723c751e8b465ee728b)  -> (artifact id: '970fea9ae7b62ad919e83187110044e8') in 0.006113 seconds
  Import took 0.009576 seconds .

========================================================================
Received Prepare
Registering precompiled user dll's ...
Registered in 0.003543 seconds.
Begin MonoManager ReloadAssembly
Native extension for WindowsStandalone target not found
Refreshing native plugins compatible for Editor in 0.81 ms, found 0 plugins.
Preloading 0 native plugins for Editor in 0.00 ms.
Invoked RoslynAnalysisRunner static constructor.
RoslynAnalysisRunner will not be running.
RoslynAnalysisRunner has terminated.
Mono: successfully reloaded assembly
- Completed reload, in  1.331 seconds
Platform modules already initialized, skipping
Switching build target platform(5) subTarget(0) extendedPlatform(0) -> platform(13) subTarget(589824) extendedPlatform(0)
Refreshing native plugins compatible for Editor in 0.64 ms, found 0 plugins.
Preloading 0 native plugins for Editor in 0.00 ms.
Unloading 1509 Unused Serialized files (Serialized files now loaded: 0)
System memory in use before: 70.7 MB.
System memory in use after: 70.8 MB.

Unloading 24 unused Assets to reduce memory usage. Loaded Objects now: 2004.
Total: 2.786400 ms (FindLiveObjects: 0.237700 ms CreateObjectMapping: 0.051400 ms MarkObjects: 2.467700 ms  DeleteObjects: 0.027900 ms)

AssetImportParameters requested are different than current active one (requested -> active):
  custom:graphics/normal-map-encoding: 01000000000000000000000000000000 -> 02000000000000000000000000000000
========================================================================
Received Import Request.
  Time since last request: 88.186478 seconds.
  path: Assets/Scripts/Scriptable Objects/TankList.cs
  artifactKey: Guid(5502eee3afe855449845d6c5cee96538) Importer(815301076,1909f56bfc062723c751e8b465ee728b)
Start importing Assets/Scripts/Scriptable Objects/TankList.cs using Guid(5502eee3afe855449845d6c5cee96538) Importer(815301076,1909f56bfc062723c751e8b465ee728b)  -> (artifact id: '5c3de54f3b0830eb215c03c211af6f2b') in 0.013233 seconds
  Import took 0.018194 seconds .

========================================================================
Received Import Request.
  Time since last request: 0.030646 seconds.
  path: Assets/Scripts/Scriptable Objects/TankList.cs
  artifactKey: Guid(5502eee3afe855449845d6c5cee96538) Importer(815301076,1909f56bfc062723c751e8b465ee728b)
Start importing Assets/Scripts/Scriptable Objects/TankList.cs using Guid(5502eee3afe855449845d6c5cee96538) Importer(815301076,1909f56bfc062723c751e8b465ee728b)  -> (artifact id: '5c3de54f3b0830eb215c03c211af6f2b') in 0.007104 seconds
  Import took 0.011992 seconds .

========================================================================
Received Prepare
Registering precompiled user dll's ...
Registered in 0.005534 seconds.
Begin MonoManager ReloadAssembly
Native extension for WindowsStandalone target not found
Refreshing native plugins compatible for Editor in 0.83 ms, found 0 plugins.
Preloading 0 native plugins for Editor in 0.00 ms.
Invoked RoslynAnalysisRunner static constructor.
RoslynAnalysisRunner will not be running.
RoslynAnalysisRunner has terminated.
Mono: successfully reloaded assembly
- Completed reload, in  2.153 seconds
Platform modules already initialized, skipping
Switching build target platform(5) subTarget(0) extendedPlatform(0) -> platform(13) subTarget(589824) extendedPlatform(0)
Refreshing native plugins compatible for Editor in 0.58 ms, found 0 plugins.
Preloading 0 native plugins for Editor in 0.00 ms.
Unloading 1510 Unused Serialized files (Serialized files now loaded: 0)
System memory in use before: 70.7 MB.
System memory in use after: 70.8 MB.

Unloading 24 unused Assets to reduce memory usage. Loaded Objects now: 2008.
Total: 2.956300 ms (FindLiveObjects: 0.272100 ms CreateObjectMapping: 0.052900 ms MarkObjects: 2.583600 ms  DeleteObjects: 0.044600 ms)

AssetImportParameters requested are different than current active one (requested -> active):
  custom:graphics/normal-map-encoding: 01000000000000000000000000000000 -> 02000000000000000000000000000000
========================================================================
Received Import Request.
  Time since last request: 94.777458 seconds.
  path: Assets/Scripts/Scriptable Objects/TankList.cs
  artifactKey: Guid(5502eee3afe855449845d6c5cee96538) Importer(815301076,1909f56bfc062723c751e8b465ee728b)
Start importing Assets/Scripts/Scriptable Objects/TankList.cs using Guid(5502eee3afe855449845d6c5cee96538) Importer(815301076,1909f56bfc062723c751e8b465ee728b)  -> (artifact id: '0e2a08c1ad84361f6f9a845713542316') in 0.011254 seconds
  Import took 0.015898 seconds .

========================================================================
Received Prepare
Registering precompiled user dll's ...
Registered in 0.003657 seconds.
Begin MonoManager ReloadAssembly
Native extension for WindowsStandalone target not found
Refreshing native plugins compatible for Editor in 0.57 ms, found 0 plugins.
Preloading 0 native plugins for Editor in 0.00 ms.
Invoked RoslynAnalysisRunner static constructor.
RoslynAnalysisRunner will not be running.
RoslynAnalysisRunner has terminated.
Mono: successfully reloaded assembly
- Completed reload, in  1.354 seconds
Platform modules already initialized, skipping
Switching build target platform(5) subTarget(0) extendedPlatform(0) -> platform(13) subTarget(589824) extendedPlatform(0)
Refreshing native plugins compatible for Editor in 0.53 ms, found 0 plugins.
Preloading 0 native plugins for Editor in 0.00 ms.
Unloading 1510 Unused Serialized files (Serialized files now loaded: 0)
System memory in use before: 70.7 MB.
System memory in use after: 70.8 MB.

Unloading 24 unused Assets to reduce memory usage. Loaded Objects now: 2011.
Total: 3.371000 ms (FindLiveObjects: 0.282400 ms CreateObjectMapping: 0.050200 ms MarkObjects: 2.998000 ms  DeleteObjects: 0.038700 ms)

AssetImportParameters requested are different than current active one (requested -> active):
  custom:graphics/normal-map-encoding: 01000000000000000000000000000000 -> 02000000000000000000000000000000
========================================================================
Received Import Request.
  Time since last request: 65.972288 seconds.
  path: Assets/Scripts/Scriptable Objects/TankList.cs
  artifactKey: Guid(5502eee3afe855449845d6c5cee96538) Importer(815301076,1909f56bfc062723c751e8b465ee728b)
Start importing Assets/Scripts/Scriptable Objects/TankList.cs using Guid(5502eee3afe855449845d6c5cee96538) Importer(815301076,1909f56bfc062723c751e8b465ee728b)  -> (artifact id: 'ef19b77a6b2eb45279ef34f313e8c911') in 0.007846 seconds
  Import took 0.012104 seconds .

========================================================================
Received Import Request.
  Time since last request: 18.035766 seconds.
  path: Assets/Scripts/Scriptable Objects/TankScriptableObjectList.cs
  artifactKey: Guid(5502eee3afe855449845d6c5cee96538) Importer(815301076,1909f56bfc062723c751e8b465ee728b)
Start importing Assets/Scripts/Scriptable Objects/TankScriptableObjectList.cs using Guid(5502eee3afe855449845d6c5cee96538) Importer(815301076,1909f56bfc062723c751e8b465ee728b)  -> (artifact id: 'ba3dfba80ede86b3d9375a624f840090') in 0.005852 seconds
  Import took 0.010680 seconds .

========================================================================
Received Prepare
Registering precompiled user dll's ...
Registered in 0.041474 seconds.
Begin MonoManager ReloadAssembly
Native extension for WindowsStandalone target not found
Refreshing native plugins compatible for Editor in 0.54 ms, found 0 plugins.
Preloading 0 native plugins for Editor in 0.00 ms.
Invoked RoslynAnalysisRunner static constructor.
RoslynAnalysisRunner will not be running.
RoslynAnalysisRunner has terminated.
Mono: successfully reloaded assembly
- Completed reload, in  2.657 seconds
Platform modules already initialized, skipping
Switching build target platform(5) subTarget(0) extendedPlatform(0) -> platform(13) subTarget(589824) extendedPlatform(0)
Refreshing native plugins compatible for Editor in 0.53 ms, found 0 plugins.
Preloading 0 native plugins for Editor in 0.00 ms.
Unloading 1510 Unused Serialized files (Serialized files now loaded: 0)
System memory in use before: 70.7 MB.
System memory in use after: 70.8 MB.

Unloading 24 unused Assets to reduce memory usage. Loaded Objects now: 2014.
Total: 3.285500 ms (FindLiveObjects: 0.454200 ms CreateObjectMapping: 0.131700 ms MarkObjects: 2.661900 ms  DeleteObjects: 0.035100 ms)

AssetImportParameters requested are different than current active one (requested -> active):
  custom:graphics/normal-map-encoding: 01000000000000000000000000000000 -> 02000000000000000000000000000000
========================================================================
Received Import Request.
  Time since last request: 52.539028 seconds.
  path: Assets/Scripts/Scriptable Objects/TankScriptableObject.cs
  artifactKey: Guid(b944826b5b94dc0428cf3ca25801ae79) Importer(815301076,1909f56bfc062723c751e8b465ee728b)
Start importing Assets/Scripts/Scriptable Objects/TankScriptableObject.cs using Guid(b944826b5b94dc0428cf3ca25801ae79) Importer(815301076,1909f56bfc062723c751e8b465ee728b)  -> (artifact id: 'c1c6373ef75646f3b29ae1492414e719') in 0.012748 seconds
  Import took 0.016574 seconds .

========================================================================
Received Import Request.
  Time since last request: 0.026996 seconds.
  path: Assets/Scripts/Scriptable Objects/TankScriptableObject.cs
  artifactKey: Guid(b944826b5b94dc0428cf3ca25801ae79) Importer(815301076,1909f56bfc062723c751e8b465ee728b)
Start importing Assets/Scripts/Scriptable Objects/TankScriptableObject.cs using Guid(b944826b5b94dc0428cf3ca25801ae79) Importer(815301076,1909f56bfc062723c751e8b465ee728b)  -> (artifact id: 'c1c6373ef75646f3b29ae1492414e719') in 0.006278 seconds
  Import took 0.010053 seconds .

========================================================================
Received Import Request.
  Time since last request: 25.370797 seconds.
  path: Assets/Scriptable Objects/Tanks Scriptable Objects/TankScriptableObjectList.asset
  artifactKey: Guid(00b0d39db072b034aa44e7af60fbf932) Importer(815301076,1909f56bfc062723c751e8b465ee728b)
Start importing Assets/Scriptable Objects/Tanks Scriptable Objects/TankScriptableObjectList.asset using Guid(00b0d39db072b034aa44e7af60fbf932) Importer(815301076,1909f56bfc062723c751e8b465ee728b)  -> (artifact id: 'dddb594ec48198fa0a533e45993a170a') in 0.015975 seconds
  Import took 0.020125 seconds .

========================================================================
Received Import Request.
  Time since last request: 0.007405 seconds.
  path: Assets/Scriptable Objects/Tanks Scriptable Objects/TankScriptableObjectList.asset
  artifactKey: Guid(00b0d39db072b034aa44e7af60fbf932) Importer(815301076,1909f56bfc062723c751e8b465ee728b)
Start importing Assets/Scriptable Objects/Tanks Scriptable Objects/TankScriptableObjectList.asset using Guid(00b0d39db072b034aa44e7af60fbf932) Importer(815301076,1909f56bfc062723c751e8b465ee728b)  -> (artifact id: 'dddb594ec48198fa0a533e45993a170a') in 0.005725 seconds
  Import took 0.009538 seconds .

========================================================================
Received Prepare
Registering precompiled user dll's ...
Registered in 0.003819 seconds.
Begin MonoManager ReloadAssembly
Native extension for WindowsStandalone target not found
Refreshing native plugins compatible for Editor in 0.63 ms, found 0 plugins.
Preloading 0 native plugins for Editor in 0.00 ms.
Invoked RoslynAnalysisRunner static constructor.
RoslynAnalysisRunner will not be running.
RoslynAnalysisRunner has terminated.
Mono: successfully reloaded assembly
- Completed reload, in  1.740 seconds
Platform modules already initialized, skipping
Switching build target platform(5) subTarget(0) extendedPlatform(0) -> platform(13) subTarget(589824) extendedPlatform(0)
Refreshing native plugins compatible for Editor in 0.69 ms, found 0 plugins.
Preloading 0 native plugins for Editor in 0.00 ms.
Unloading 1510 Unused Serialized files (Serialized files now loaded: 0)
System memory in use before: 70.7 MB.
System memory in use after: 70.8 MB.

Unloading 24 unused Assets to reduce memory usage. Loaded Objects now: 2017.
Total: 2.812300 ms (FindLiveObjects: 0.306000 ms CreateObjectMapping: 0.069900 ms MarkObjects: 2.397900 ms  DeleteObjects: 0.036100 ms)

AssetImportParameters requested are different than current active one (requested -> active):
  custom:graphics/normal-map-encoding: 01000000000000000000000000000000 -> 02000000000000000000000000000000
========================================================================
Received Prepare
Registering precompiled user dll's ...
Registered in 0.004189 seconds.
Begin MonoManager ReloadAssembly
Native extension for WindowsStandalone target not found
Refreshing native plugins compatible for Editor in 0.61 ms, found 0 plugins.
Preloading 0 native plugins for Editor in 0.00 ms.
Invoked RoslynAnalysisRunner static constructor.
RoslynAnalysisRunner will not be running.
RoslynAnalysisRunner has terminated.
Mono: successfully reloaded assembly
- Completed reload, in  1.553 seconds
Platform modules already initialized, skipping
Switching build target platform(5) subTarget(0) extendedPlatform(0) -> platform(13) subTarget(589824) extendedPlatform(0)
Refreshing native plugins compatible for Editor in 0.71 ms, found 0 plugins.
Preloading 0 native plugins for Editor in 0.00 ms.
Unloading 1510 Unused Serialized files (Serialized files now loaded: 0)
System memory in use before: 70.7 MB.
System memory in use after: 70.8 MB.

Unloading 24 unused Assets to reduce memory usage. Loaded Objects now: 2020.
Total: 2.892700 ms (FindLiveObjects: 0.313900 ms CreateObjectMapping: 0.061300 ms MarkObjects: 2.484200 ms  DeleteObjects: 0.031300 ms)

AssetImportParameters requested are different than current active one (requested -> active):
  custom:graphics/normal-map-encoding: 01000000000000000000000000000000 -> 02000000000000000000000000000000
========================================================================
Received Prepare
Registering precompiled user dll's ...
Registered in 0.005426 seconds.
Begin MonoManager ReloadAssembly
Native extension for WindowsStandalone target not found
Refreshing native plugins compatible for Editor in 0.54 ms, found 0 plugins.
Preloading 0 native plugins for Editor in 0.00 ms.
Invoked RoslynAnalysisRunner static constructor.
RoslynAnalysisRunner will not be running.
RoslynAnalysisRunner has terminated.
Mono: successfully reloaded assembly
- Completed reload, in  1.711 seconds
Platform modules already initialized, skipping
Switching build target platform(5) subTarget(0) extendedPlatform(0) -> platform(13) subTarget(589824) extendedPlatform(0)
Refreshing native plugins compatible for Editor in 0.63 ms, found 0 plugins.
Preloading 0 native plugins for Editor in 0.00 ms.
Unloading 1510 Unused Serialized files (Serialized files now loaded: 0)
System memory in use before: 70.8 MB.
System memory in use after: 70.9 MB.

Unloading 24 unused Assets to reduce memory usage. Loaded Objects now: 2023.
Total: 2.753400 ms (FindLiveObjects: 0.254200 ms CreateObjectMapping: 0.056000 ms MarkObjects: 2.405800 ms  DeleteObjects: 0.035700 ms)

AssetImportParameters requested are different than current active one (requested -> active):
  custom:graphics/normal-map-encoding: 01000000000000000000000000000000 -> 02000000000000000000000000000000
========================================================================
Received Prepare
Registering precompiled user dll's ...
Registered in 0.004711 seconds.
Begin MonoManager ReloadAssembly
Native extension for WindowsStandalone target not found
Refreshing native plugins compatible for Editor in 0.89 ms, found 0 plugins.
Preloading 0 native plugins for Editor in 0.00 ms.
Invoked RoslynAnalysisRunner static constructor.
RoslynAnalysisRunner will not be running.
RoslynAnalysisRunner has terminated.
Mono: successfully reloaded assembly
- Completed reload, in  2.133 seconds
Platform modules already initialized, skipping
Switching build target platform(5) subTarget(0) extendedPlatform(0) -> platform(13) subTarget(589824) extendedPlatform(0)
Refreshing native plugins compatible for Editor in 26.74 ms, found 0 plugins.
Preloading 0 native plugins for Editor in 0.00 ms.
Unloading 1510 Unused Serialized files (Serialized files now loaded: 0)
System memory in use before: 70.8 MB.
System memory in use after: 70.9 MB.

Unloading 24 unused Assets to reduce memory usage. Loaded Objects now: 2026.
Total: 36.447900 ms (FindLiveObjects: 3.285800 ms CreateObjectMapping: 0.972400 ms MarkObjects: 31.894500 ms  DeleteObjects: 0.277800 ms)

AssetImportParameters requested are different than current active one (requested -> active):
  custom:graphics/normal-map-encoding: 01000000000000000000000000000000 -> 02000000000000000000000000000000
========================================================================
Received Import Request.
  Time since last request: 1407.771082 seconds.
  path: Assets/Prefabs/Tanks/HighDamage Tank.prefab
  artifactKey: Guid(2d3cb2b89ecc53a40b22f218e5c777f5) Importer(815301076,1909f56bfc062723c751e8b465ee728b)
Start importing Assets/Prefabs/Tanks/HighDamage Tank.prefab using Guid(2d3cb2b89ecc53a40b22f218e5c777f5) Importer(815301076,1909f56bfc062723c751e8b465ee728b)  -> (artifact id: '1b9fa6c2ccc2153c56eb81f9aa97ba32') in 0.142860 seconds
  Import took 0.147361 seconds .

========================================================================
Received Import Request.
  Time since last request: 0.000453 seconds.
  path: Assets/Prefabs/Tanks/HighSpeed Tank.prefab
  artifactKey: Guid(2b313afc9a1e8cb4ca367dcec8fb3a16) Importer(815301076,1909f56bfc062723c751e8b465ee728b)
Start importing Assets/Prefabs/Tanks/HighSpeed Tank.prefab using Guid(2b313afc9a1e8cb4ca367dcec8fb3a16) Importer(815301076,1909f56bfc062723c751e8b465ee728b)  -> (artifact id: '76d84eb7f70dd1bf029bdf0cde88ab13') in 0.025404 seconds
  Import took 0.029934 seconds .

========================================================================
Received Import Request.
  Time since last request: 0.000374 seconds.
  path: Assets/Prefabs/Tanks/HighHealth Tank.prefab
  artifactKey: Guid(da9e4a293bde7f640b700a02a38407ce) Importer(815301076,1909f56bfc062723c751e8b465ee728b)
Start importing Assets/Prefabs/Tanks/HighHealth Tank.prefab using Guid(da9e4a293bde7f640b700a02a38407ce) Importer(815301076,1909f56bfc062723c751e8b465ee728b)  -> (artifact id: '22f3b295adbbdf7b4083f8a92729af04') in 0.026154 seconds
  Import took 0.031227 seconds .

========================================================================
Received Import Request.
  Time since last request: 15.727841 seconds.
  path: Assets/Prefabs/Tanks/HighDamage Tank.prefab
  artifactKey: Guid(2d3cb2b89ecc53a40b22f218e5c777f5) Importer(815301076,1909f56bfc062723c751e8b465ee728b)
Start importing Assets/Prefabs/Tanks/HighDamage Tank.prefab using Guid(2d3cb2b89ecc53a40b22f218e5c777f5) Importer(815301076,1909f56bfc062723c751e8b465ee728b)  -> (artifact id: 'd83057da4524816dbabaf7d5111e1fec') in 0.104143 seconds
  Import took 0.131651 seconds .

========================================================================
Received Import Request.
  Time since last request: 0.218243 seconds.
  path: Assets/Prefabs/Tanks/HighDamage Tank.prefab
  artifactKey: Guid(2d3cb2b89ecc53a40b22f218e5c777f5) Importer(815301076,1909f56bfc062723c751e8b465ee728b)
Start importing Assets/Prefabs/Tanks/HighDamage Tank.prefab using Guid(2d3cb2b89ecc53a40b22f218e5c777f5) Importer(815301076,1909f56bfc062723c751e8b465ee728b)  -> (artifact id: 'd83057da4524816dbabaf7d5111e1fec') in 0.109544 seconds
  Import took 0.137451 seconds .

========================================================================
Received Import Request.
  Time since last request: 7.735085 seconds.
  path: Assets/Prefabs/Tanks/HighSpeed Tank.prefab
  artifactKey: Guid(2b313afc9a1e8cb4ca367dcec8fb3a16) Importer(815301076,1909f56bfc062723c751e8b465ee728b)
Start importing Assets/Prefabs/Tanks/HighSpeed Tank.prefab using Guid(2b313afc9a1e8cb4ca367dcec8fb3a16) Importer(815301076,1909f56bfc062723c751e8b465ee728b)  -> (artifact id: '1c35d899375cf8e7c546649fab55a138') in 0.026171 seconds
  Import took 0.031564 seconds .

========================================================================
Received Import Request.
  Time since last request: 0.013013 seconds.
  path: Assets/Prefabs/Tanks/HighSpeed Tank.prefab
  artifactKey: Guid(2b313afc9a1e8cb4ca367dcec8fb3a16) Importer(815301076,1909f56bfc062723c751e8b465ee728b)
Start importing Assets/Prefabs/Tanks/HighSpeed Tank.prefab using Guid(2b313afc9a1e8cb4ca367dcec8fb3a16) Importer(815301076,1909f56bfc062723c751e8b465ee728b)  -> (artifact id: '1c35d899375cf8e7c546649fab55a138') in 0.025772 seconds
  Import took 0.030288 seconds .

========================================================================
Received Import Request.
  Time since last request: 5.195223 seconds.
  path: Assets/Prefabs/Tanks/HighHealth Tank.prefab
  artifactKey: Guid(da9e4a293bde7f640b700a02a38407ce) Importer(815301076,1909f56bfc062723c751e8b465ee728b)
Start importing Assets/Prefabs/Tanks/HighHealth Tank.prefab using Guid(da9e4a293bde7f640b700a02a38407ce) Importer(815301076,1909f56bfc062723c751e8b465ee728b)  -> (artifact id: '28af14df3c76e027e3ad3ba019a14901') in 0.021477 seconds
  Import took 0.027212 seconds .

========================================================================
Received Import Request.
  Time since last request: 0.017047 seconds.
  path: Assets/Prefabs/Tanks/HighHealth Tank.prefab
  artifactKey: Guid(da9e4a293bde7f640b700a02a38407ce) Importer(815301076,1909f56bfc062723c751e8b465ee728b)
Start importing Assets/Prefabs/Tanks/HighHealth Tank.prefab using Guid(da9e4a293bde7f640b700a02a38407ce) Importer(815301076,1909f56bfc062723c751e8b465ee728b)  -> (artifact id: '28af14df3c76e027e3ad3ba019a14901') in 0.024423 seconds
  Import took 0.029545 seconds .

========================================================================
Received Prepare
Registering precompiled user dll's ...
Registered in 0.158045 seconds.
Begin MonoManager ReloadAssembly
Native extension for WindowsStandalone target not found
Refreshing native plugins compatible for Editor in 0.81 ms, found 0 plugins.
Preloading 0 native plugins for Editor in 0.00 ms.
Invoked RoslynAnalysisRunner static constructor.
RoslynAnalysisRunner will not be running.
RoslynAnalysisRunner has terminated.
Mono: successfully reloaded assembly
- Completed reload, in  6.404 seconds
Platform modules already initialized, skipping
Switching build target platform(5) subTarget(0) extendedPlatform(0) -> platform(13) subTarget(589824) extendedPlatform(0)
Refreshing native plugins compatible for Editor in 0.83 ms, found 0 plugins.
Preloading 0 native plugins for Editor in 0.00 ms.
Unloading 1510 Unused Serialized files (Serialized files now loaded: 0)
System memory in use before: 73.9 MB.
System memory in use after: 74.0 MB.

Unloading 24 unused Assets to reduce memory usage. Loaded Objects now: 2036.
Total: 5.202700 ms (FindLiveObjects: 0.540600 ms CreateObjectMapping: 0.120900 ms MarkObjects: 4.458800 ms  DeleteObjects: 0.078300 ms)

AssetImportParameters requested are different than current active one (requested -> active):
  custom:graphics/normal-map-encoding: 01000000000000000000000000000000 -> 02000000000000000000000000000000
========================================================================
Received Prepare
Registering precompiled user dll's ...
Registered in 0.003514 seconds.
Begin MonoManager ReloadAssembly
Native extension for WindowsStandalone target not found
Refreshing native plugins compatible for Editor in 0.53 ms, found 0 plugins.
Preloading 0 native plugins for Editor in 0.00 ms.
Invoked RoslynAnalysisRunner static constructor.
RoslynAnalysisRunner will not be running.
RoslynAnalysisRunner has terminated.
Mono: successfully reloaded assembly
- Completed reload, in  1.357 seconds
Platform modules already initialized, skipping
Switching build target platform(5) subTarget(0) extendedPlatform(0) -> platform(13) subTarget(589824) extendedPlatform(0)
Refreshing native plugins compatible for Editor in 0.53 ms, found 0 plugins.
Preloading 0 native plugins for Editor in 0.00 ms.
Unloading 1510 Unused Serialized files (Serialized files now loaded: 0)
System memory in use before: 73.9 MB.
System memory in use after: 74.0 MB.

Unloading 24 unused Assets to reduce memory usage. Loaded Objects now: 2039.
Total: 3.245900 ms (FindLiveObjects: 0.383300 ms CreateObjectMapping: 0.071500 ms MarkObjects: 2.758700 ms  DeleteObjects: 0.030400 ms)

AssetImportParameters requested are different than current active one (requested -> active):
  custom:graphics/normal-map-encoding: 01000000000000000000000000000000 -> 02000000000000000000000000000000
========================================================================
Received Prepare
Registering precompiled user dll's ...
Registered in 0.003838 seconds.
Begin MonoManager ReloadAssembly
Native extension for WindowsStandalone target not found
Refreshing native plugins compatible for Editor in 0.55 ms, found 0 plugins.
Preloading 0 native plugins for Editor in 0.00 ms.
Invoked RoslynAnalysisRunner static constructor.
RoslynAnalysisRunner will not be running.
RoslynAnalysisRunner has terminated.
Mono: successfully reloaded assembly
- Completed reload, in  1.325 seconds
Platform modules already initialized, skipping
Switching build target platform(5) subTarget(0) extendedPlatform(0) -> platform(13) subTarget(589824) extendedPlatform(0)
Refreshing native plugins compatible for Editor in 0.52 ms, found 0 plugins.
Preloading 0 native plugins for Editor in 0.00 ms.
Unloading 1510 Unused Serialized files (Serialized files now loaded: 0)
System memory in use before: 73.9 MB.
System memory in use after: 74.0 MB.

Unloading 24 unused Assets to reduce memory usage. Loaded Objects now: 2042.
Total: 3.194700 ms (FindLiveObjects: 0.405700 ms CreateObjectMapping: 0.066700 ms MarkObjects: 2.681800 ms  DeleteObjects: 0.037600 ms)

AssetImportParameters requested are different than current active one (requested -> active):
  custom:graphics/normal-map-encoding: 01000000000000000000000000000000 -> 02000000000000000000000000000000
========================================================================
Received Prepare
Registering precompiled user dll's ...
Registered in 0.003818 seconds.
Begin MonoManager ReloadAssembly
Native extension for WindowsStandalone target not found
Refreshing native plugins compatible for Editor in 0.84 ms, found 0 plugins.
Preloading 0 native plugins for Editor in 0.00 ms.
Invoked RoslynAnalysisRunner static constructor.
RoslynAnalysisRunner will not be running.
RoslynAnalysisRunner has terminated.
Mono: successfully reloaded assembly
- Completed reload, in  1.773 seconds
Platform modules already initialized, skipping
Switching build target platform(5) subTarget(0) extendedPlatform(0) -> platform(13) subTarget(589824) extendedPlatform(0)
Refreshing native plugins compatible for Editor in 0.85 ms, found 0 plugins.
Preloading 0 native plugins for Editor in 0.00 ms.
Unloading 1510 Unused Serialized files (Serialized files now loaded: 0)
System memory in use before: 73.9 MB.
System memory in use after: 74.0 MB.

Unloading 24 unused Assets to reduce memory usage. Loaded Objects now: 2045.
Total: 3.393400 ms (FindLiveObjects: 0.335200 ms CreateObjectMapping: 0.103900 ms MarkObjects: 2.920300 ms  DeleteObjects: 0.031000 ms)

AssetImportParameters requested are different than current active one (requested -> active):
  custom:graphics/normal-map-encoding: 01000000000000000000000000000000 -> 02000000000000000000000000000000
========================================================================
Received Prepare
Registering precompiled user dll's ...
Registered in 0.003828 seconds.
Begin MonoManager ReloadAssembly
Native extension for WindowsStandalone target not found
Refreshing native plugins compatible for Editor in 0.53 ms, found 0 plugins.
Preloading 0 native plugins for Editor in 0.00 ms.
Invoked RoslynAnalysisRunner static constructor.
RoslynAnalysisRunner will not be running.
RoslynAnalysisRunner has terminated.
Mono: successfully reloaded assembly
- Completed reload, in  1.459 seconds
Platform modules already initialized, skipping
Switching build target platform(5) subTarget(0) extendedPlatform(0) -> platform(13) subTarget(589824) extendedPlatform(0)
Refreshing native plugins compatible for Editor in 0.53 ms, found 0 plugins.
Preloading 0 native plugins for Editor in 0.00 ms.
Unloading 1510 Unused Serialized files (Serialized files now loaded: 0)
System memory in use before: 73.9 MB.
System memory in use after: 74.0 MB.

Unloading 24 unused Assets to reduce memory usage. Loaded Objects now: 2048.
Total: 2.944600 ms (FindLiveObjects: 0.354400 ms CreateObjectMapping: 0.062300 ms MarkObjects: 2.497800 ms  DeleteObjects: 0.028200 ms)

AssetImportParameters requested are different than current active one (requested -> active):
  custom:graphics/normal-map-encoding: 01000000000000000000000000000000 -> 02000000000000000000000000000000
========================================================================
Received Prepare
Registering precompiled user dll's ...
Registered in 0.004687 seconds.
Begin MonoManager ReloadAssembly
Native extension for WindowsStandalone target not found
Refreshing native plugins compatible for Editor in 0.54 ms, found 0 plugins.
Preloading 0 native plugins for Editor in 0.00 ms.
Invoked RoslynAnalysisRunner static constructor.
RoslynAnalysisRunner will not be running.
RoslynAnalysisRunner has terminated.
Mono: successfully reloaded assembly
- Completed reload, in  1.529 seconds
Platform modules already initialized, skipping
Switching build target platform(5) subTarget(0) extendedPlatform(0) -> platform(13) subTarget(589824) extendedPlatform(0)
Refreshing native plugins compatible for Editor in 0.53 ms, found 0 plugins.
Preloading 0 native plugins for Editor in 0.00 ms.
Unloading 1510 Unused Serialized files (Serialized files now loaded: 0)
System memory in use before: 73.9 MB.
System memory in use after: 74.0 MB.

Unloading 24 unused Assets to reduce memory usage. Loaded Objects now: 2051.
Total: 4.437100 ms (FindLiveObjects: 0.460200 ms CreateObjectMapping: 0.207100 ms MarkObjects: 3.720400 ms  DeleteObjects: 0.045600 ms)

AssetImportParameters requested are different than current active one (requested -> active):
  custom:graphics/normal-map-encoding: 01000000000000000000000000000000 -> 02000000000000000000000000000000
========================================================================
Received Prepare
Registering precompiled user dll's ...
Registered in 0.005454 seconds.
Begin MonoManager ReloadAssembly
Native extension for WindowsStandalone target not found
Refreshing native plugins compatible for Editor in 0.53 ms, found 0 plugins.
Preloading 0 native plugins for Editor in 0.00 ms.
Invoked RoslynAnalysisRunner static constructor.
RoslynAnalysisRunner will not be running.
RoslynAnalysisRunner has terminated.
Mono: successfully reloaded assembly
- Completed reload, in  1.593 seconds
Platform modules already initialized, skipping
Switching build target platform(5) subTarget(0) extendedPlatform(0) -> platform(13) subTarget(589824) extendedPlatform(0)
Refreshing native plugins compatible for Editor in 0.67 ms, found 0 plugins.
Preloading 0 native plugins for Editor in 0.00 ms.
Unloading 1510 Unused Serialized files (Serialized files now loaded: 0)
System memory in use before: 73.9 MB.
System memory in use after: 74.1 MB.

Unloading 24 unused Assets to reduce memory usage. Loaded Objects now: 2054.
Total: 2.577600 ms (FindLiveObjects: 0.254300 ms CreateObjectMapping: 0.050900 ms MarkObjects: 2.242400 ms  DeleteObjects: 0.028400 ms)

AssetImportParameters requested are different than current active one (requested -> active):
  custom:graphics/normal-map-encoding: 01000000000000000000000000000000 -> 02000000000000000000000000000000
